<?xml version="1.0" encoding="UTF-8"?>
<coverage generated="1685776557464" clover="3.2.0">
  <project timestamp="1685776557464" name="All files">
    <metrics statements="121" coveredstatements="106" conditionals="34" coveredconditionals="27" methods="14" coveredmethods="5" elements="169" coveredelements="138" complexity="0" loc="121" ncloc="121" packages="6" files="11" classes="11"/>
    <package name="report-server">
      <metrics statements="10" coveredstatements="10" conditionals="2" coveredconditionals="2" methods="0" coveredmethods="0"/>
      <file name="app.js" path="/Users/andrewchang/Desktop/Phase 3/report-server/app.js">
        <metrics statements="10" coveredstatements="10" conditionals="2" coveredconditionals="2" methods="0" coveredmethods="0"/>
        <line num="1" count="1" type="stmt"/>
        <line num="2" count="1" type="stmt"/>
        <line num="3" count="1" type="stmt"/>
        <line num="4" count="1" type="cond" truecount="2" falsecount="0"/>
        <line num="5" count="1" type="stmt"/>
        <line num="6" count="1" type="stmt"/>
        <line num="8" count="1" type="stmt"/>
        <line num="9" count="1" type="stmt"/>
        <line num="10" count="1" type="stmt"/>
        <line num="22" count="1" type="stmt"/>
      </file>
    </package>
    <package name="report-server.controllers">
      <metrics statements="39" coveredstatements="33" conditionals="10" coveredconditionals="10" methods="4" coveredmethods="2"/>
      <file name="eventController.js" path="/Users/andrewchang/Desktop/Phase 3/report-server/controllers/eventController.js">
        <metrics statements="9" coveredstatements="3" conditionals="0" coveredconditionals="0" methods="1" coveredmethods="0"/>
        <line num="1" count="1" type="stmt"/>
        <line num="2" count="1" type="stmt"/>
        <line num="6" count="0" type="stmt"/>
        <line num="7" count="0" type="stmt"/>
        <line num="9" count="0" type="stmt"/>
        <line num="11" count="0" type="stmt"/>
        <line num="23" count="0" type="stmt"/>
        <line num="26" count="0" type="stmt"/>
        <line num="33" count="1" type="stmt"/>
      </file>
      <file name="userController.js" path="/Users/andrewchang/Desktop/Phase 3/report-server/controllers/userController.js">
        <metrics statements="30" coveredstatements="30" conditionals="10" coveredconditionals="10" methods="3" coveredmethods="2"/>
        <line num="1" count="1" type="stmt"/>
        <line num="2" count="1" type="stmt"/>
        <line num="3" count="1" type="stmt"/>
        <line num="4" count="1" type="stmt"/>
        <line num="8" count="7" type="stmt"/>
        <line num="9" count="7" type="stmt"/>
        <line num="11" count="7" type="stmt"/>
        <line num="12" count="7" type="cond" truecount="2" falsecount="0"/>
        <line num="13" count="1" type="stmt"/>
        <line num="16" count="6" type="stmt"/>
        <line num="27" count="2" type="stmt"/>
        <line num="34" count="2" type="stmt"/>
        <line num="36" count="5" type="stmt"/>
        <line num="37" count="5" type="stmt"/>
        <line num="42" count="5" type="stmt"/>
        <line num="43" count="5" type="stmt"/>
        <line num="45" count="5" type="cond" truecount="2" falsecount="0"/>
        <line num="46" count="1" type="stmt"/>
        <line num="48" count="4" type="cond" truecount="2" falsecount="0"/>
        <line num="49" count="1" type="stmt"/>
        <line num="52" count="3" type="stmt"/>
        <line num="54" count="3" type="cond" truecount="2" falsecount="0"/>
        <line num="55" count="1" type="stmt"/>
        <line num="57" count="2" type="stmt"/>
        <line num="59" count="2" type="cond" truecount="2" falsecount="0"/>
        <line num="60" count="1" type="stmt"/>
        <line num="62" count="1" type="stmt"/>
        <line num="68" count="1" type="stmt"/>
        <line num="72" count="4" type="stmt"/>
        <line num="81" count="1" type="stmt"/>
      </file>
    </package>
    <package name="report-server.helpers">
      <metrics statements="10" coveredstatements="8" conditionals="0" coveredconditionals="0" methods="3" coveredmethods="1"/>
      <file name="formatPrice.js" path="/Users/andrewchang/Desktop/Phase 3/report-server/helpers/formatPrice.js">
        <metrics statements="3" coveredstatements="2" conditionals="0" coveredconditionals="0" methods="1" coveredmethods="0"/>
        <line num="1" count="1" type="stmt"/>
        <line num="2" count="0" type="stmt"/>
        <line num="8" count="1" type="stmt"/>
      </file>
      <file name="jwt.js" path="/Users/andrewchang/Desktop/Phase 3/report-server/helpers/jwt.js">
        <metrics statements="7" coveredstatements="6" conditionals="0" coveredconditionals="0" methods="2" coveredmethods="1"/>
        <line num="1" count="1" type="stmt"/>
        <line num="2" count="1" type="stmt"/>
        <line num="4" count="1" type="stmt"/>
        <line num="5" count="3" type="stmt"/>
        <line num="8" count="1" type="stmt"/>
        <line num="9" count="0" type="stmt"/>
        <line num="12" count="1" type="stmt"/>
      </file>
    </package>
    <package name="report-server.middlewares">
      <metrics statements="24" coveredstatements="18" conditionals="20" coveredconditionals="14" methods="6" coveredmethods="1"/>
      <file name="errorHandler.js" path="/Users/andrewchang/Desktop/Phase 3/report-server/middlewares/errorHandler.js">
        <metrics statements="24" coveredstatements="18" conditionals="20" coveredconditionals="14" methods="6" coveredmethods="1"/>
        <line num="1" count="1" type="stmt"/>
        <line num="2" count="9" type="cond" truecount="2" falsecount="0"/>
        <line num="3" count="4" type="stmt"/>
        <line num="4" count="6" type="stmt"/>
        <line num="6" count="5" type="cond" truecount="2" falsecount="0"/>
        <line num="7" count="1" type="stmt"/>
        <line num="10" count="4" type="cond" truecount="2" falsecount="0"/>
        <line num="11" count="1" type="stmt"/>
        <line num="14" count="3" type="cond" truecount="2" falsecount="0"/>
        <line num="15" count="1" type="stmt"/>
        <line num="18" count="2" type="cond" truecount="1" falsecount="1"/>
        <line num="19" count="0" type="stmt"/>
        <line num="22" count="2" type="cond" truecount="1" falsecount="1"/>
        <line num="23" count="0" type="stmt"/>
        <line num="26" count="2" type="cond" truecount="1" falsecount="1"/>
        <line num="27" count="0" type="stmt"/>
        <line num="30" count="2" type="cond" truecount="2" falsecount="0"/>
        <line num="31" count="1" type="stmt"/>
        <line num="34" count="1" type="cond" truecount="1" falsecount="1"/>
        <line num="35" count="1" type="stmt"/>
        <line num="38" count="0" type="stmt"/>
        <line num="39" count="0" type="stmt"/>
        <line num="43" count="1" type="stmt"/>
        <line num="50" count="0" type="cond" truecount="0" falsecount="2"/>
      </file>
    </package>
    <package name="report-server.models">
      <metrics statements="18" coveredstatements="17" conditionals="2" coveredconditionals="1" methods="1" coveredmethods="1"/>
      <file name="Event.js" path="/Users/andrewchang/Desktop/Phase 3/report-server/models/Event.js">
        <metrics statements="4" coveredstatements="4" conditionals="0" coveredconditionals="0" methods="0" coveredmethods="0"/>
        <line num="1" count="1" type="stmt"/>
        <line num="3" count="1" type="stmt"/>
        <line num="41" count="1" type="stmt"/>
        <line num="43" count="1" type="stmt"/>
      </file>
      <file name="User.js" path="/Users/andrewchang/Desktop/Phase 3/report-server/models/User.js">
        <metrics statements="14" coveredstatements="13" conditionals="2" coveredconditionals="1" methods="1" coveredmethods="1"/>
        <line num="1" count="1" type="stmt"/>
        <line num="2" count="1" type="stmt"/>
        <line num="3" count="1" type="stmt"/>
        <line num="4" count="1" type="stmt"/>
        <line num="6" count="1" type="stmt"/>
        <line num="49" count="1" type="stmt"/>
        <line num="51" count="1" type="stmt"/>
        <line num="52" count="2" type="stmt"/>
        <line num="54" count="2" type="cond" truecount="1" falsecount="1"/>
        <line num="55" count="0" type="stmt"/>
        <line num="58" count="2" type="stmt"/>
        <line num="59" count="2" type="stmt"/>
        <line num="62" count="1" type="stmt"/>
        <line num="64" count="1" type="stmt"/>
      </file>
    </package>
    <package name="report-server.routers">
      <metrics statements="20" coveredstatements="20" conditionals="0" coveredconditionals="0" methods="0" coveredmethods="0"/>
      <file name="event.js" path="/Users/andrewchang/Desktop/Phase 3/report-server/routers/event.js">
        <metrics statements="5" coveredstatements="5" conditionals="0" coveredconditionals="0" methods="0" coveredmethods="0"/>
        <line num="1" count="1" type="stmt"/>
        <line num="2" count="1" type="stmt"/>
        <line num="3" count="1" type="stmt"/>
        <line num="5" count="1" type="stmt"/>
        <line num="6" count="1" type="stmt"/>
      </file>
      <file name="index.js" path="/Users/andrewchang/Desktop/Phase 3/report-server/routers/index.js">
        <metrics statements="9" coveredstatements="9" conditionals="0" coveredconditionals="0" methods="0" coveredmethods="0"/>
        <line num="1" count="1" type="stmt"/>
        <line num="2" count="1" type="stmt"/>
        <line num="3" count="1" type="stmt"/>
        <line num="4" count="1" type="stmt"/>
        <line num="5" count="1" type="stmt"/>
        <line num="7" count="1" type="stmt"/>
        <line num="8" count="1" type="stmt"/>
        <line num="9" count="1" type="stmt"/>
        <line num="10" count="1" type="stmt"/>
      </file>
      <file name="user.js" path="/Users/andrewchang/Desktop/Phase 3/report-server/routers/user.js">
        <metrics statements="6" coveredstatements="6" conditionals="0" coveredconditionals="0" methods="0" coveredmethods="0"/>
        <line num="1" count="1" type="stmt"/>
        <line num="2" count="1" type="stmt"/>
        <line num="3" count="1" type="stmt"/>
        <line num="5" count="1" type="stmt"/>
        <line num="6" count="1" type="stmt"/>
        <line num="9" count="1" type="stmt"/>
      </file>
    </package>
  </project>
</coverage>
