{"/Users/andrewchang/Desktop/Phase 3/report-server/app.js": {"path":"/Users/andrewchang/Desktop/Phase 3/report-server/app.js","statementMap":{"0":{"start":{"line":1,"column":0},"end":{"line":1,"column":26}},"1":{"start":{"line":2,"column":16},"end":{"line":2,"column":34}},"2":{"start":{"line":3,"column":12},"end":{"line":3,"column":21}},"3":{"start":{"line":4,"column":13},"end":{"line":4,"column":37}},"4":{"start":{"line":5,"column":17},"end":{"line":5,"column":36}},"5":{"start":{"line":6,"column":15},"end":{"line":6,"column":35}},"6":{"start":{"line":8,"column":0},"end":{"line":8,"column":47}},"7":{"start":{"line":9,"column":0},"end":{"line":9,"column":23}},"8":{"start":{"line":10,"column":0},"end":{"line":10,"column":15}},"9":{"start":{"line":22,"column":0},"end":{"line":22,"column":20}}},"fnMap":{},"branchMap":{"0":{"loc":{"start":{"line":4,"column":13},"end":{"line":4,"column":37}},"type":"binary-expr","locations":[{"start":{"line":4,"column":13},"end":{"line":4,"column":29}},{"start":{"line":4,"column":33},"end":{"line":4,"column":37}}],"line":4}},"s":{"0":1,"1":1,"2":1,"3":1,"4":1,"5":1,"6":1,"7":1,"8":1,"9":1},"f":{},"b":{"0":[1,1]},"_coverageSchema":"1a1c01bbd47fc00a2c39e90264f33305004495a9","hash":"8586f87fbf31c3aeaa3c822c9358a7fa26009fe4"}
,"/Users/andrewchang/Desktop/Phase 3/report-server/controllers/eventController.js": {"path":"/Users/andrewchang/Desktop/Phase 3/report-server/controllers/eventController.js","statementMap":{"0":{"start":{"line":1,"column":14},"end":{"line":1,"column":40}},"1":{"start":{"line":2,"column":22},"end":{"line":2,"column":55}},"2":{"start":{"line":6,"column":8},"end":{"line":28,"column":9}},"3":{"start":{"line":7,"column":75},"end":{"line":7,"column":83}},"4":{"start":{"line":9,"column":32},"end":{"line":9,"column":107}},"5":{"start":{"line":11,"column":29},"end":{"line":21,"column":14}},"6":{"start":{"line":23,"column":12},"end":{"line":23,"column":68}},"7":{"start":{"line":26,"column":12},"end":{"line":26,"column":21}},"8":{"start":{"line":33,"column":0},"end":{"line":33,"column":32}}},"fnMap":{"0":{"name":"(anonymous_0)","decl":{"start":{"line":5,"column":4},"end":{"line":5,"column":5}},"loc":{"start":{"line":5,"column":41},"end":{"line":29,"column":5}},"line":5}},"branchMap":{},"s":{"0":1,"1":1,"2":0,"3":0,"4":0,"5":0,"6":0,"7":0,"8":1},"f":{"0":0},"b":{},"_coverageSchema":"1a1c01bbd47fc00a2c39e90264f33305004495a9","hash":"cdba7deab0292cd443fff14e213e8d9bdff0d839"}
,"/Users/andrewchang/Desktop/Phase 3/report-server/controllers/userController.js": {"path":"/Users/andrewchang/Desktop/Phase 3/report-server/controllers/userController.js","statementMap":{"0":{"start":{"line":1,"column":13},"end":{"line":1,"column":38}},"1":{"start":{"line":2,"column":15},"end":{"line":2,"column":34}},"2":{"start":{"line":3,"column":35},"end":{"line":3,"column":60}},"3":{"start":{"line":4,"column":25},"end":{"line":4,"column":55}},"4":{"start":{"line":8,"column":8},"end":{"line":38,"column":9}},"5":{"start":{"line":9,"column":56},"end":{"line":9,"column":64}},"6":{"start":{"line":11,"column":33},"end":{"line":11,"column":62}},"7":{"start":{"line":12,"column":12},"end":{"line":14,"column":13}},"8":{"start":{"line":13,"column":16},"end":{"line":13,"column":52}},"9":{"start":{"line":16,"column":25},"end":{"line":25,"column":14}},"10":{"start":{"line":27,"column":33},"end":{"line":32,"column":13}},"11":{"start":{"line":34,"column":12},"end":{"line":34,"column":95}},"12":{"start":{"line":36,"column":12},"end":{"line":36,"column":33}},"13":{"start":{"line":37,"column":12},"end":{"line":37,"column":23}},"14":{"start":{"line":42,"column":8},"end":{"line":73,"column":9}},"15":{"start":{"line":43,"column":38},"end":{"line":43,"column":46}},"16":{"start":{"line":45,"column":12},"end":{"line":47,"column":13}},"17":{"start":{"line":46,"column":16},"end":{"line":46,"column":41}},"18":{"start":{"line":48,"column":12},"end":{"line":50,"column":13}},"19":{"start":{"line":49,"column":16},"end":{"line":49,"column":44}},"20":{"start":{"line":52,"column":29},"end":{"line":52,"column":58}},"21":{"start":{"line":54,"column":12},"end":{"line":70,"column":13}},"22":{"start":{"line":55,"column":16},"end":{"line":55,"column":50}},"23":{"start":{"line":57,"column":40},"end":{"line":57,"column":96}},"24":{"start":{"line":59,"column":16},"end":{"line":69,"column":17}},"25":{"start":{"line":60,"column":20},"end":{"line":60,"column":51}},"26":{"start":{"line":62,"column":41},"end":{"line":67,"column":21}},"27":{"start":{"line":68,"column":20},"end":{"line":68,"column":54}},"28":{"start":{"line":72,"column":12},"end":{"line":72,"column":21}},"29":{"start":{"line":81,"column":0},"end":{"line":81,"column":27}}},"fnMap":{"0":{"name":"(anonymous_0)","decl":{"start":{"line":7,"column":4},"end":{"line":7,"column":5}},"loc":{"start":{"line":7,"column":43},"end":{"line":39,"column":5}},"line":7},"1":{"name":"(anonymous_1)","decl":{"start":{"line":41,"column":4},"end":{"line":41,"column":5}},"loc":{"start":{"line":41,"column":43},"end":{"line":74,"column":5}},"line":41},"2":{"name":"(anonymous_2)","decl":{"start":{"line":76,"column":4},"end":{"line":76,"column":5}},"loc":{"start":{"line":76,"column":44},"end":{"line":78,"column":5}},"line":76}},"branchMap":{"0":{"loc":{"start":{"line":12,"column":12},"end":{"line":14,"column":13}},"type":"if","locations":[{"start":{"line":12,"column":12},"end":{"line":14,"column":13}},{"start":{},"end":{}}],"line":12},"1":{"loc":{"start":{"line":45,"column":12},"end":{"line":47,"column":13}},"type":"if","locations":[{"start":{"line":45,"column":12},"end":{"line":47,"column":13}},{"start":{},"end":{}}],"line":45},"2":{"loc":{"start":{"line":48,"column":12},"end":{"line":50,"column":13}},"type":"if","locations":[{"start":{"line":48,"column":12},"end":{"line":50,"column":13}},{"start":{},"end":{}}],"line":48},"3":{"loc":{"start":{"line":54,"column":12},"end":{"line":70,"column":13}},"type":"if","locations":[{"start":{"line":54,"column":12},"end":{"line":70,"column":13}},{"start":{"line":56,"column":19},"end":{"line":70,"column":13}}],"line":54},"4":{"loc":{"start":{"line":59,"column":16},"end":{"line":69,"column":17}},"type":"if","locations":[{"start":{"line":59,"column":16},"end":{"line":69,"column":17}},{"start":{"line":61,"column":23},"end":{"line":69,"column":17}}],"line":59}},"s":{"0":1,"1":1,"2":1,"3":1,"4":7,"5":7,"6":7,"7":7,"8":1,"9":6,"10":2,"11":2,"12":5,"13":5,"14":5,"15":5,"16":5,"17":1,"18":4,"19":1,"20":3,"21":3,"22":1,"23":2,"24":2,"25":1,"26":1,"27":1,"28":4,"29":1},"f":{"0":7,"1":5,"2":0},"b":{"0":[1,6],"1":[1,4],"2":[1,3],"3":[1,2],"4":[1,1]},"_coverageSchema":"1a1c01bbd47fc00a2c39e90264f33305004495a9","hash":"156e86a0434cecc0ffb5aec26fcd30024d3b572a"}
,"/Users/andrewchang/Desktop/Phase 3/report-server/helpers/formatPrice.js": {"path":"/Users/andrewchang/Desktop/Phase 3/report-server/helpers/formatPrice.js","statementMap":{"0":{"start":{"line":1,"column":20},"end":{"line":6,"column":1}},"1":{"start":{"line":2,"column":4},"end":{"line":5,"column":20}},"2":{"start":{"line":8,"column":0},"end":{"line":8,"column":30}}},"fnMap":{"0":{"name":"(anonymous_0)","decl":{"start":{"line":1,"column":20},"end":{"line":1,"column":21}},"loc":{"start":{"line":1,"column":31},"end":{"line":6,"column":1}},"line":1}},"branchMap":{},"s":{"0":1,"1":0,"2":1},"f":{"0":0},"b":{},"_coverageSchema":"1a1c01bbd47fc00a2c39e90264f33305004495a9","hash":"9afb9bc6f71c5ed2391e75e01ba79eb5dc83d737"}
,"/Users/andrewchang/Desktop/Phase 3/report-server/helpers/jwt.js": {"path":"/Users/andrewchang/Desktop/Phase 3/report-server/helpers/jwt.js","statementMap":{"0":{"start":{"line":1,"column":12},"end":{"line":1,"column":35}},"1":{"start":{"line":2,"column":15},"end":{"line":2,"column":31}},"2":{"start":{"line":4,"column":18},"end":{"line":6,"column":1}},"3":{"start":{"line":5,"column":4},"end":{"line":5,"column":36}},"4":{"start":{"line":8,"column":20},"end":{"line":10,"column":1}},"5":{"start":{"line":9,"column":4},"end":{"line":9,"column":36}},"6":{"start":{"line":12,"column":0},"end":{"line":15,"column":1}}},"fnMap":{"0":{"name":"(anonymous_0)","decl":{"start":{"line":4,"column":18},"end":{"line":4,"column":19}},"loc":{"start":{"line":4,"column":31},"end":{"line":6,"column":1}},"line":4},"1":{"name":"(anonymous_1)","decl":{"start":{"line":8,"column":20},"end":{"line":8,"column":21}},"loc":{"start":{"line":8,"column":31},"end":{"line":10,"column":1}},"line":8}},"branchMap":{},"s":{"0":1,"1":1,"2":1,"3":3,"4":1,"5":0,"6":1},"f":{"0":3,"1":0},"b":{},"_coverageSchema":"1a1c01bbd47fc00a2c39e90264f33305004495a9","hash":"bdf56ffd56e54251cf7f4ec190d29d123ecc778f"}
,"/Users/andrewchang/Desktop/Phase 3/report-server/middlewares/errorHandler.js": {"path":"/Users/andrewchang/Desktop/Phase 3/report-server/middlewares/errorHandler.js","statementMap":{"0":{"start":{"line":1,"column":21},"end":{"line":41,"column":1}},"1":{"start":{"line":2,"column":4},"end":{"line":40,"column":5}},"2":{"start":{"line":3,"column":8},"end":{"line":5,"column":11}},"3":{"start":{"line":4,"column":12},"end":{"line":4,"column":84}},"4":{"start":{"line":6,"column":11},"end":{"line":40,"column":5}},"5":{"start":{"line":7,"column":8},"end":{"line":9,"column":10}},"6":{"start":{"line":10,"column":11},"end":{"line":40,"column":5}},"7":{"start":{"line":11,"column":8},"end":{"line":13,"column":10}},"8":{"start":{"line":14,"column":11},"end":{"line":40,"column":5}},"9":{"start":{"line":15,"column":8},"end":{"line":17,"column":10}},"10":{"start":{"line":18,"column":11},"end":{"line":40,"column":5}},"11":{"start":{"line":19,"column":8},"end":{"line":21,"column":10}},"12":{"start":{"line":22,"column":11},"end":{"line":40,"column":5}},"13":{"start":{"line":23,"column":8},"end":{"line":25,"column":10}},"14":{"start":{"line":26,"column":11},"end":{"line":40,"column":5}},"15":{"start":{"line":27,"column":8},"end":{"line":29,"column":10}},"16":{"start":{"line":30,"column":10},"end":{"line":40,"column":5}},"17":{"start":{"line":31,"column":8},"end":{"line":33,"column":11}},"18":{"start":{"line":34,"column":10},"end":{"line":40,"column":5}},"19":{"start":{"line":35,"column":8},"end":{"line":35,"column":56}},"20":{"start":{"line":38,"column":28},"end":{"line":38,"column":67}},"21":{"start":{"line":39,"column":8},"end":{"line":39,"column":86}},"22":{"start":{"line":43,"column":0},"end":{"line":50,"column":21}},"23":{"start":{"line":50,"column":38},"end":{"line":50,"column":36221}},"24":{"start":{"line":50,"column":42},"end":{"line":50,"column":36210}},"25":{"start":{"line":50,"column":36246},"end":{"line":50,"column":36286}},"26":{"start":{"line":50,"column":36250},"end":{"line":50,"column":36275}},"27":{"start":{"line":50,"column":36287},"end":{"line":50,"column":36295}},"28":{"start":{"line":50,"column":36320},"end":{"line":50,"column":36362}},"29":{"start":{"line":50,"column":36324},"end":{"line":50,"column":36351}},"30":{"start":{"line":50,"column":36363},"end":{"line":50,"column":36371}},"31":{"start":{"line":50,"column":36390},"end":{"line":50,"column":36427}},"32":{"start":{"line":50,"column":36394},"end":{"line":50,"column":36416}},"33":{"start":{"line":50,"column":36446},"end":{"line":50,"column":36486}},"34":{"start":{"line":50,"column":36450},"end":{"line":50,"column":36475}}},"fnMap":{"0":{"name":"(anonymous_0)","decl":{"start":{"line":1,"column":21},"end":{"line":1,"column":22}},"loc":{"start":{"line":1,"column":46},"end":{"line":41,"column":1}},"line":1},"1":{"name":"oo_cm","decl":{"start":{"line":50,"column":30},"end":{"line":50,"column":35}},"loc":{"start":{"line":50,"column":37},"end":{"line":50,"column":36222}},"line":50},"2":{"name":"oo_oo","decl":{"start":{"line":50,"column":36232},"end":{"line":50,"column":36237}},"loc":{"start":{"line":50,"column":36245},"end":{"line":50,"column":36296}},"line":50},"3":{"name":"oo_tr","decl":{"start":{"line":50,"column":36306},"end":{"line":50,"column":36311}},"loc":{"start":{"line":50,"column":36319},"end":{"line":50,"column":36372}},"line":50},"4":{"name":"oo_ts","decl":{"start":{"line":50,"column":36382},"end":{"line":50,"column":36387}},"loc":{"start":{"line":50,"column":36389},"end":{"line":50,"column":36428}},"line":50},"5":{"name":"oo_te","decl":{"start":{"line":50,"column":36438},"end":{"line":50,"column":36443}},"loc":{"start":{"line":50,"column":36445},"end":{"line":50,"column":36487}},"line":50}},"branchMap":{"0":{"loc":{"start":{"line":2,"column":4},"end":{"line":40,"column":5}},"type":"if","locations":[{"start":{"line":2,"column":4},"end":{"line":40,"column":5}},{"start":{"line":6,"column":11},"end":{"line":40,"column":5}}],"line":2},"1":{"loc":{"start":{"line":6,"column":11},"end":{"line":40,"column":5}},"type":"if","locations":[{"start":{"line":6,"column":11},"end":{"line":40,"column":5}},{"start":{"line":10,"column":11},"end":{"line":40,"column":5}}],"line":6},"2":{"loc":{"start":{"line":10,"column":11},"end":{"line":40,"column":5}},"type":"if","locations":[{"start":{"line":10,"column":11},"end":{"line":40,"column":5}},{"start":{"line":14,"column":11},"end":{"line":40,"column":5}}],"line":10},"3":{"loc":{"start":{"line":14,"column":11},"end":{"line":40,"column":5}},"type":"if","locations":[{"start":{"line":14,"column":11},"end":{"line":40,"column":5}},{"start":{"line":18,"column":11},"end":{"line":40,"column":5}}],"line":14},"4":{"loc":{"start":{"line":18,"column":11},"end":{"line":40,"column":5}},"type":"if","locations":[{"start":{"line":18,"column":11},"end":{"line":40,"column":5}},{"start":{"line":22,"column":11},"end":{"line":40,"column":5}}],"line":18},"5":{"loc":{"start":{"line":22,"column":11},"end":{"line":40,"column":5}},"type":"if","locations":[{"start":{"line":22,"column":11},"end":{"line":40,"column":5}},{"start":{"line":26,"column":11},"end":{"line":40,"column":5}}],"line":22},"6":{"loc":{"start":{"line":26,"column":11},"end":{"line":40,"column":5}},"type":"if","locations":[{"start":{"line":26,"column":11},"end":{"line":40,"column":5}},{"start":{"line":30,"column":10},"end":{"line":40,"column":5}}],"line":26},"7":{"loc":{"start":{"line":30,"column":10},"end":{"line":40,"column":5}},"type":"if","locations":[{"start":{"line":30,"column":10},"end":{"line":40,"column":5}},{"start":{"line":34,"column":10},"end":{"line":40,"column":5}}],"line":30},"8":{"loc":{"start":{"line":34,"column":10},"end":{"line":40,"column":5}},"type":"if","locations":[{"start":{"line":34,"column":10},"end":{"line":40,"column":5}},{"start":{"line":37,"column":9},"end":{"line":40,"column":5}}],"line":34},"9":{"loc":{"start":{"line":50,"column":49},"end":{"line":50,"column":36209}},"type":"binary-expr","locations":[{"start":{"line":50,"column":49},"end":{"line":50,"column":86}},{"start":{"line":50,"column":90},"end":{"line":50,"column":36209}}],"line":50}},"s":{"0":1,"1":9,"2":4,"3":6,"4":5,"5":1,"6":4,"7":1,"8":3,"9":1,"10":2,"11":0,"12":2,"13":0,"14":2,"15":0,"16":2,"17":1,"18":1,"19":1,"20":0,"21":0,"22":1,"23":0,"24":0,"25":0,"26":0,"27":0,"28":0,"29":0,"30":0,"31":0,"32":0,"33":0,"34":0},"f":{"0":9,"1":0,"2":0,"3":0,"4":0,"5":0},"b":{"0":[4,5],"1":[1,4],"2":[1,3],"3":[1,2],"4":[0,2],"5":[0,2],"6":[0,2],"7":[1,1],"8":[1,0],"9":[0,0]},"_coverageSchema":"1a1c01bbd47fc00a2c39e90264f33305004495a9","hash":"6db80beb1ad0f894c37f1862741f625eaf68562e"}
,"/Users/andrewchang/Desktop/Phase 3/report-server/models/Event.js": {"path":"/Users/andrewchang/Desktop/Phase 3/report-server/models/Event.js","statementMap":{"0":{"start":{"line":1,"column":17},"end":{"line":1,"column":36}},"1":{"start":{"line":3,"column":20},"end":{"line":39,"column":2}},"2":{"start":{"line":41,"column":14},"end":{"line":41,"column":50}},"3":{"start":{"line":43,"column":0},"end":{"line":43,"column":22}}},"fnMap":{},"branchMap":{},"s":{"0":1,"1":1,"2":1,"3":1},"f":{},"b":{},"_coverageSchema":"1a1c01bbd47fc00a2c39e90264f33305004495a9","hash":"df1a6b32d2a9ab505ea70e71c6ccf0b885792fe3"}
,"/Users/andrewchang/Desktop/Phase 3/report-server/models/User.js": {"path":"/Users/andrewchang/Desktop/Phase 3/report-server/models/User.js","statementMap":{"0":{"start":{"line":1,"column":17},"end":{"line":1,"column":36}},"1":{"start":{"line":2,"column":24},"end":{"line":2,"column":60}},"2":{"start":{"line":3,"column":18},"end":{"line":3,"column":38}},"3":{"start":{"line":4,"column":15},"end":{"line":4,"column":34}},"4":{"start":{"line":6,"column":19},"end":{"line":47,"column":2}},"5":{"start":{"line":49,"column":0},"end":{"line":49,"column":133}},"6":{"start":{"line":51,"column":0},"end":{"line":61,"column":2}},"7":{"start":{"line":52,"column":15},"end":{"line":52,"column":19}},"8":{"start":{"line":54,"column":4},"end":{"line":56,"column":5}},"9":{"start":{"line":55,"column":8},"end":{"line":55,"column":14}},"10":{"start":{"line":58,"column":17},"end":{"line":58,"column":39}},"11":{"start":{"line":59,"column":4},"end":{"line":59,"column":56}},"12":{"start":{"line":62,"column":13},"end":{"line":62,"column":47}},"13":{"start":{"line":64,"column":0},"end":{"line":64,"column":21}}},"fnMap":{"0":{"name":"(anonymous_0)","decl":{"start":{"line":51,"column":23},"end":{"line":51,"column":24}},"loc":{"start":{"line":51,"column":44},"end":{"line":61,"column":1}},"line":51}},"branchMap":{"0":{"loc":{"start":{"line":54,"column":4},"end":{"line":56,"column":5}},"type":"if","locations":[{"start":{"line":54,"column":4},"end":{"line":56,"column":5}},{"start":{},"end":{}}],"line":54}},"s":{"0":1,"1":1,"2":1,"3":1,"4":1,"5":1,"6":1,"7":2,"8":2,"9":0,"10":2,"11":2,"12":1,"13":1},"f":{"0":2},"b":{"0":[0,2]},"_coverageSchema":"1a1c01bbd47fc00a2c39e90264f33305004495a9","hash":"60f91d5e894585e1e900c80a67311ff7c9e995a3"}
,"/Users/andrewchang/Desktop/Phase 3/report-server/routers/event.js": {"path":"/Users/andrewchang/Desktop/Phase 3/report-server/routers/event.js","statementMap":{"0":{"start":{"line":1,"column":16},"end":{"line":1,"column":34}},"1":{"start":{"line":2,"column":24},"end":{"line":2,"column":65}},"2":{"start":{"line":3,"column":20},"end":{"line":3,"column":36}},"3":{"start":{"line":5,"column":0},"end":{"line":5,"column":47}},"4":{"start":{"line":6,"column":0},"end":{"line":6,"column":28}}},"fnMap":{},"branchMap":{},"s":{"0":1,"1":1,"2":1,"3":1,"4":1},"f":{},"b":{},"_coverageSchema":"1a1c01bbd47fc00a2c39e90264f33305004495a9","hash":"e8311484cefea7e199d10281d7e1e970a8844562"}
,"/Users/andrewchang/Desktop/Phase 3/report-server/routers/index.js": {"path":"/Users/andrewchang/Desktop/Phase 3/report-server/routers/index.js","statementMap":{"0":{"start":{"line":1,"column":16},"end":{"line":1,"column":34}},"1":{"start":{"line":2,"column":15},"end":{"line":2,"column":31}},"2":{"start":{"line":3,"column":19},"end":{"line":3,"column":45}},"3":{"start":{"line":4,"column":20},"end":{"line":4,"column":47}},"4":{"start":{"line":5,"column":23},"end":{"line":5,"column":61}},"5":{"start":{"line":7,"column":0},"end":{"line":7,"column":31}},"6":{"start":{"line":8,"column":0},"end":{"line":8,"column":33}},"7":{"start":{"line":9,"column":0},"end":{"line":9,"column":24}},"8":{"start":{"line":10,"column":0},"end":{"line":10,"column":48}}},"fnMap":{},"branchMap":{},"s":{"0":1,"1":1,"2":1,"3":1,"4":1,"5":1,"6":1,"7":1,"8":1},"f":{},"b":{},"_coverageSchema":"1a1c01bbd47fc00a2c39e90264f33305004495a9","hash":"8b09a5c265e60710d7371011ffc91a0876bb3309"}
,"/Users/andrewchang/Desktop/Phase 3/report-server/routers/user.js": {"path":"/Users/andrewchang/Desktop/Phase 3/report-server/routers/user.js","statementMap":{"0":{"start":{"line":1,"column":16},"end":{"line":1,"column":34}},"1":{"start":{"line":2,"column":19},"end":{"line":2,"column":35}},"2":{"start":{"line":3,"column":19},"end":{"line":3,"column":59}},"3":{"start":{"line":5,"column":0},"end":{"line":5,"column":43}},"4":{"start":{"line":6,"column":0},"end":{"line":6,"column":47}},"5":{"start":{"line":9,"column":0},"end":{"line":9,"column":27}}},"fnMap":{},"branchMap":{},"s":{"0":1,"1":1,"2":1,"3":1,"4":1,"5":1},"f":{},"b":{},"_coverageSchema":"1a1c01bbd47fc00a2c39e90264f33305004495a9","hash":"9a040847a747007b0db9ce30c154f0c24624bd6b"}
}
