TN:
SF:app.js
FNF:0
FNH:0
DA:1,1
DA:2,1
DA:3,1
DA:4,1
DA:5,1
DA:6,1
DA:8,1
DA:9,1
DA:10,1
DA:22,1
LF:10
LH:10
BRDA:4,0,0,1
BRDA:4,0,1,1
BRF:2
BRH:2
end_of_record
TN:
SF:controllers/eventController.js
FN:5,(anonymous_0)
FNF:1
FNH:0
FNDA:0,(anonymous_0)
DA:1,1
DA:2,1
DA:6,0
DA:7,0
DA:9,0
DA:11,0
DA:23,0
DA:26,0
DA:33,1
LF:9
LH:3
BRF:0
BRH:0
end_of_record
TN:
SF:controllers/userController.js
FN:6,(anonymous_0)
FN:33,(anonymous_1)
FN:71,oo_cm
FN:71,oo_oo
FN:71,oo_tr
FN:71,oo_ts
FN:71,oo_te
FNF:7
FNH:4
FNDA:7,(anonymous_0)
FNDA:3,(anonymous_1)
FNDA:5,oo_cm
FNDA:5,oo_oo
FNDA:0,oo_tr
FNDA:0,oo_ts
FNDA:0,oo_te
DA:1,1
DA:2,1
DA:3,1
DA:7,7
DA:8,7
DA:10,7
DA:11,7
DA:12,1
DA:15,6
DA:26,2
DA:28,5
DA:29,5
DA:34,3
DA:35,3
DA:36,3
DA:38,3
DA:40,3
DA:41,1
DA:43,2
DA:45,2
DA:46,1
DA:48,1
DA:54,1
DA:58,2
DA:59,2
DA:64,1
DA:71,5
LF:27
LH:27
BRDA:11,0,0,1
BRDA:11,0,1,6
BRDA:40,1,0,1
BRDA:40,1,1,2
BRDA:45,2,0,1
BRDA:45,2,1,1
BRDA:71,3,0,5
BRDA:71,3,1,1
BRF:8
BRH:8
end_of_record
TN:
SF:helpers/formatPrice.js
FN:1,(anonymous_0)
FNF:1
FNH:0
FNDA:0,(anonymous_0)
DA:1,1
DA:2,0
DA:8,1
LF:3
LH:2
BRF:0
BRH:0
end_of_record
TN:
SF:helpers/jwt.js
FN:4,(anonymous_0)
FN:8,(anonymous_1)
FNF:2
FNH:1
FNDA:1,(anonymous_0)
FNDA:0,(anonymous_1)
DA:1,1
DA:2,1
DA:4,1
DA:5,1
DA:8,1
DA:9,0
DA:12,1
LF:7
LH:6
BRF:0
BRH:0
end_of_record
TN:
SF:middlewares/errorHandler.js
FN:1,(anonymous_0)
FN:54,oo_cm
FN:54,oo_oo
FN:54,oo_tr
FN:54,oo_ts
FN:54,oo_te
FNF:6
FNH:1
FNDA:7,(anonymous_0)
FNDA:0,oo_cm
FNDA:0,oo_oo
FNDA:0,oo_tr
FNDA:0,oo_ts
FNDA:0,oo_te
DA:1,1
DA:2,7
DA:3,4
DA:4,6
DA:6,3
DA:7,0
DA:10,3
DA:11,0
DA:14,3
DA:15,1
DA:18,2
DA:19,0
DA:22,2
DA:23,0
DA:26,2
DA:27,0
DA:30,2
DA:31,0
DA:34,2
DA:35,1
DA:38,1
DA:39,1
DA:42,0
DA:43,0
DA:47,1
DA:54,0
LF:26
LH:17
BRDA:2,0,0,4
BRDA:2,0,1,3
BRDA:6,1,0,0
BRDA:6,1,1,3
BRDA:10,2,0,0
BRDA:10,2,1,3
BRDA:14,3,0,1
BRDA:14,3,1,2
BRDA:18,4,0,0
BRDA:18,4,1,2
BRDA:22,5,0,0
BRDA:22,5,1,2
BRDA:26,6,0,0
BRDA:26,6,1,2
BRDA:30,7,0,0
BRDA:30,7,1,2
BRDA:34,8,0,1
BRDA:34,8,1,1
BRDA:38,9,0,1
BRDA:38,9,1,0
BRDA:54,10,0,0
BRDA:54,10,1,0
BRF:22
BRH:13
end_of_record
TN:
SF:models/Event.js
FNF:0
FNH:0
DA:1,1
DA:3,1
DA:41,1
DA:43,1
LF:4
LH:4
BRF:0
BRH:0
end_of_record
TN:
SF:models/User.js
FN:51,(anonymous_0)
FNF:1
FNH:1
FNDA:2,(anonymous_0)
DA:1,1
DA:2,1
DA:3,1
DA:4,1
DA:6,1
DA:49,1
DA:51,1
DA:52,2
DA:54,2
DA:55,0
DA:58,2
DA:59,2
DA:62,1
DA:64,1
LF:14
LH:13
BRDA:54,0,0,0
BRDA:54,0,1,2
BRF:2
BRH:1
end_of_record
TN:
SF:routers/event.js
FNF:0
FNH:0
DA:1,1
DA:2,1
DA:3,1
DA:5,1
DA:6,1
LF:5
LH:5
BRF:0
BRH:0
end_of_record
TN:
SF:routers/index.js
FNF:0
FNH:0
DA:1,1
DA:2,1
DA:3,1
DA:4,1
DA:5,1
DA:7,1
DA:8,1
DA:9,1
DA:10,1
LF:9
LH:9
BRF:0
BRH:0
end_of_record
TN:
SF:routers/user.js
FNF:0
FNH:0
DA:1,1
DA:2,1
DA:3,1
DA:5,1
DA:6,1
DA:9,1
LF:6
LH:6
BRF:0
BRH:0
end_of_record
