TN:
SF:app.js
FN:40,(anonymous_0)
FN:43,(anonymous_1)
FN:72,(anonymous_2)
FN:84,oo_cm
FN:84,oo_oo
FN:84,oo_tr
FN:84,oo_ts
FN:84,oo_te
FNF:8
FNH:0
FNDA:0,(anonymous_0)
FNDA:0,(anonymous_1)
FNDA:0,(anonymous_2)
FNDA:0,oo_cm
FNDA:0,oo_oo
FNDA:0,oo_tr
FNDA:0,oo_ts
FNDA:0,oo_te
DA:1,3
DA:2,3
DA:3,3
DA:4,3
DA:5,3
DA:6,3
DA:7,3
DA:8,3
DA:9,3
DA:10,3
DA:20,3
DA:21,3
DA:22,3
DA:24,3
DA:26,3
DA:27,3
DA:28,3
DA:40,3
DA:41,0
DA:43,0
DA:44,0
DA:45,0
DA:47,0
DA:49,0
DA:50,0
DA:56,0
DA:60,0
DA:66,0
DA:68,0
DA:72,0
DA:73,0
DA:77,3
DA:84,0
LF:33
LH:19
BRDA:4,0,0,3
BRDA:4,0,1,3
BRDA:49,1,0,0
BRDA:49,1,1,0
BRDA:84,2,0,0
BRDA:84,2,1,0
BRF:6
BRH:2
end_of_record
TN:
SF:controllers/eventController.js
FN:6,(anonymous_0)
FN:53,(anonymous_1)
FN:63,(anonymous_2)
FN:116,(anonymous_3)
FN:129,(anonymous_4)
FN:137,(anonymous_5)
FN:183,(anonymous_6)
FN:200,(anonymous_7)
FN:233,(anonymous_8)
FN:267,(anonymous_9)
FNF:10
FNH:2
FNDA:2,(anonymous_0)
FNDA:1,(anonymous_1)
FNDA:0,(anonymous_2)
FNDA:0,(anonymous_3)
FNDA:0,(anonymous_4)
FNDA:0,(anonymous_5)
FNDA:0,(anonymous_6)
FNDA:0,(anonymous_7)
FNDA:0,(anonymous_8)
FNDA:0,(anonymous_9)
DA:1,3
DA:2,3
DA:3,3
DA:7,2
DA:8,2
DA:10,2
DA:12,2
DA:14,2
DA:15,2
DA:16,2
DA:18,2
DA:30,1
DA:32,0
DA:33,0
DA:46,0
DA:49,1
DA:54,1
DA:55,1
DA:57,1
DA:59,0
DA:64,0
DA:65,0
DA:89,0
DA:110,0
DA:112,0
DA:117,0
DA:118,0
DA:119,0
DA:122,0
DA:125,0
DA:130,0
DA:131,0
DA:133,0
DA:137,0
DA:138,0
DA:139,0
DA:142,0
DA:143,0
DA:146,0
DA:147,0
DA:150,0
DA:151,0
DA:153,0
DA:155,0
DA:157,0
DA:158,0
DA:160,0
DA:166,0
DA:171,0
DA:176,0
DA:179,0
DA:184,0
DA:185,0
DA:186,0
DA:190,0
DA:191,0
DA:193,0
DA:196,0
DA:201,0
DA:202,0
DA:204,0
DA:210,0
DA:211,0
DA:214,0
DA:215,0
DA:217,0
DA:223,0
DA:227,0
DA:229,0
DA:234,0
DA:235,0
DA:237,0
DA:241,0
DA:242,0
DA:245,0
DA:250,0
DA:255,0
DA:260,0
DA:263,0
DA:268,0
DA:269,0
DA:271,0
DA:275,0
DA:276,0
DA:279,0
DA:284,0
DA:289,0
DA:294,0
DA:297,0
DA:303,3
LF:90
LH:17
BRDA:14,0,0,2
BRDA:14,0,1,0
BRDA:138,1,0,0
BRDA:138,1,1,0
BRDA:142,2,0,0
BRDA:142,2,1,0
BRDA:146,3,0,0
BRDA:146,3,1,0
BRDA:150,4,0,0
BRDA:150,4,1,0
BRDA:190,5,0,0
BRDA:190,5,1,0
BRDA:210,6,0,0
BRDA:210,6,1,0
BRDA:241,7,0,0
BRDA:241,7,1,0
BRDA:275,8,0,0
BRDA:275,8,1,0
BRF:18
BRH:1
end_of_record
TN:
SF:controllers/ratingController.js
FN:5,(anonymous_0)
FN:18,(anonymous_1)
FN:45,oo_cm
FN:45,oo_oo
FN:45,oo_tr
FN:45,oo_ts
FN:45,oo_te
FNF:7
FNH:4
FNDA:2,(anonymous_0)
FNDA:9,(anonymous_1)
FNDA:1,oo_cm
FNDA:1,oo_oo
FNDA:0,oo_tr
FNDA:0,oo_ts
FNDA:0,oo_te
DA:1,3
DA:2,3
DA:6,2
DA:7,2
DA:8,2
DA:10,2
DA:16,2
DA:18,9
DA:19,2
DA:20,2
DA:22,2
DA:23,2
DA:24,1
DA:27,1
DA:28,1
DA:30,1
DA:32,1
DA:33,1
DA:38,3
DA:45,1
LF:20
LH:20
BRDA:23,0,0,1
BRDA:23,0,1,1
BRDA:45,1,0,1
BRDA:45,1,1,1
BRF:4
BRH:4
end_of_record
TN:
SF:controllers/userController.js
FN:10,(anonymous_0)
FN:45,(anonymous_1)
FN:90,(anonymous_2)
FN:130,(anonymous_3)
FN:141,(anonymous_4)
FN:158,(anonymous_5)
FN:165,(anonymous_6)
FN:192,(anonymous_7)
FN:220,(anonymous_8)
FN:252,oo_cm
FN:252,oo_oo
FN:252,oo_tr
FN:252,oo_ts
FN:252,oo_te
FNF:14
FNH:6
FNDA:10,(anonymous_0)
FNDA:7,(anonymous_1)
FNDA:0,(anonymous_2)
FNDA:2,(anonymous_3)
FNDA:2,(anonymous_4)
FNDA:0,(anonymous_5)
FNDA:0,(anonymous_6)
FNDA:0,(anonymous_7)
FNDA:0,(anonymous_8)
FNDA:4,oo_cm
FNDA:4,oo_oo
FNDA:0,oo_tr
FNDA:0,oo_ts
FNDA:0,oo_te
DA:1,3
DA:2,3
DA:3,3
DA:4,3
DA:5,3
DA:6,3
DA:11,10
DA:12,10
DA:14,10
DA:15,10
DA:16,1
DA:19,9
DA:31,6
DA:38,6
DA:40,4
DA:41,4
DA:46,7
DA:47,7
DA:49,7
DA:50,1
DA:52,6
DA:53,1
DA:56,5
DA:58,5
DA:59,1
DA:61,4
DA:63,4
DA:64,1
DA:66,3
DA:72,3
DA:86,4
DA:91,0
DA:92,0
DA:93,0
DA:94,0
DA:95,0
DA:96,0
DA:100,0
DA:101,0
DA:102,0
DA:104,0
DA:105,0
DA:106,0
DA:113,0
DA:119,0
DA:124,0
DA:125,0
DA:131,2
DA:132,2
DA:133,2
DA:135,1
DA:137,1
DA:142,2
DA:143,2
DA:144,2
DA:146,2
DA:148,2
DA:149,1
DA:152,1
DA:154,1
DA:159,0
DA:160,0
DA:162,0
DA:164,0
DA:165,0
DA:167,0
DA:169,0
DA:173,0
DA:174,0
DA:178,0
DA:180,0
DA:182,0
DA:184,0
DA:187,0
DA:193,0
DA:195,0
DA:197,0
DA:198,0
DA:201,0
DA:207,0
DA:211,0
DA:214,0
DA:221,0
DA:222,0
DA:233,0
DA:237,0
DA:240,0
DA:245,3
DA:252,4
LF:89
LH:46
BRDA:15,0,0,1
BRDA:15,0,1,9
BRDA:49,1,0,1
BRDA:49,1,1,6
BRDA:52,2,0,1
BRDA:52,2,1,5
BRDA:58,3,0,1
BRDA:58,3,1,4
BRDA:63,4,0,1
BRDA:63,4,1,3
BRDA:105,5,0,0
BRDA:105,5,1,0
BRDA:148,6,0,1
BRDA:148,6,1,1
BRDA:197,7,0,0
BRDA:197,7,1,0
BRDA:197,8,0,0
BRDA:197,8,1,0
BRDA:252,9,0,4
BRDA:252,9,1,0
BRF:20
BRH:13
end_of_record
TN:
SF:helpers/formatPrice.js
FN:1,(anonymous_0)
FNF:1
FNH:1
FNDA:4,(anonymous_0)
DA:1,3
DA:2,4
DA:8,3
LF:3
LH:3
BRF:0
BRH:0
end_of_record
TN:
SF:helpers/jwt.js
FN:5,(anonymous_0)
FN:9,(anonymous_1)
FNF:2
FNH:2
FNDA:9,(anonymous_0)
FNDA:4,(anonymous_1)
DA:1,3
DA:2,3
DA:3,3
DA:5,3
DA:6,9
DA:9,3
DA:10,4
DA:13,3
LF:8
LH:8
BRF:0
BRH:0
end_of_record
TN:
SF:middlewares/authentication.js
FN:5,(anonymous_0)
FNF:1
FNH:1
FNDA:4,(anonymous_0)
DA:1,3
DA:2,3
DA:3,3
DA:5,3
DA:6,4
DA:7,4
DA:9,4
DA:10,0
DA:12,4
DA:14,4
DA:16,4
DA:17,0
DA:19,4
DA:20,4
DA:24,0
DA:28,3
LF:16
LH:13
BRDA:9,0,0,0
BRDA:9,0,1,4
BRDA:16,1,0,0
BRDA:16,1,1,4
BRF:4
BRH:2
end_of_record
TN:
SF:middlewares/deleteEventAuthorization.js
FN:3,(anonymous_0)
FNF:1
FNH:0
FNDA:0,(anonymous_0)
DA:1,3
DA:3,3
DA:5,0
DA:6,0
DA:9,0
DA:10,0
DA:12,0
DA:13,0
DA:15,0
DA:18,0
DA:22,3
LF:11
LH:3
BRDA:9,0,0,0
BRDA:9,0,1,0
BRDA:12,1,0,0
BRDA:12,1,1,0
BRF:4
BRH:0
end_of_record
TN:
SF:middlewares/errorHandler.js
FN:1,(anonymous_0)
FN:66,oo_cm
FN:66,oo_oo
FN:66,oo_tr
FN:66,oo_ts
FN:66,oo_te
FNF:6
FNH:1
FNDA:11,(anonymous_0)
FNDA:0,oo_cm
FNDA:0,oo_oo
FNDA:0,oo_tr
FNDA:0,oo_ts
FNDA:0,oo_te
DA:1,3
DA:2,11
DA:3,4
DA:4,5
DA:6,7
DA:7,1
DA:10,6
DA:11,1
DA:14,5
DA:15,1
DA:18,4
DA:19,0
DA:22,4
DA:23,2
DA:26,2
DA:27,0
DA:30,2
DA:31,1
DA:34,1
DA:35,1
DA:36,0
DA:37,0
DA:40,0
DA:41,0
DA:44,0
DA:45,0
DA:48,0
DA:49,0
DA:54,0
DA:55,0
DA:59,3
DA:66,0
LF:32
LH:19
BRDA:2,0,0,4
BRDA:2,0,1,7
BRDA:6,1,0,1
BRDA:6,1,1,6
BRDA:10,2,0,1
BRDA:10,2,1,5
BRDA:14,3,0,1
BRDA:14,3,1,4
BRDA:18,4,0,0
BRDA:18,4,1,4
BRDA:22,5,0,2
BRDA:22,5,1,2
BRDA:26,6,0,0
BRDA:26,6,1,2
BRDA:30,7,0,1
BRDA:30,7,1,1
BRDA:34,8,0,1
BRDA:34,8,1,0
BRDA:36,9,0,0
BRDA:36,9,1,0
BRDA:40,10,0,0
BRDA:40,10,1,0
BRDA:44,11,0,0
BRDA:44,11,1,0
BRDA:48,12,0,0
BRDA:48,12,1,0
BRDA:66,13,0,0
BRDA:66,13,1,0
BRF:28
BRH:15
end_of_record
TN:
SF:middlewares/leaveEventAuthorization.js
FN:3,(anonymous_0)
FNF:1
FNH:0
FNDA:0,(anonymous_0)
DA:1,3
DA:3,3
DA:5,0
DA:6,0
DA:7,0
DA:8,0
DA:10,0
DA:13,0
DA:17,3
LF:9
LH:3
BRDA:7,0,0,0
BRDA:7,0,1,0
BRF:2
BRH:0
end_of_record
TN:
SF:models/Discussion.js
FNF:0
FNH:0
DA:1,3
DA:3,3
DA:21,3
DA:23,3
LF:4
LH:4
BRF:0
BRH:0
end_of_record
TN:
SF:models/Event.js
FNF:0
FNH:0
DA:1,3
DA:3,3
DA:50,3
DA:52,3
LF:4
LH:4
BRF:0
BRH:0
end_of_record
TN:
SF:models/Message.js
FNF:0
FNH:0
DA:1,3
DA:3,3
DA:21,3
DA:22,3
LF:4
LH:4
BRF:0
BRH:0
end_of_record
TN:
SF:models/Rating.js
FNF:0
FNH:0
DA:1,3
DA:3,3
DA:18,3
DA:20,3
LF:4
LH:4
BRF:0
BRH:0
end_of_record
TN:
SF:models/Sport.js
FNF:0
FNH:0
DA:1,3
DA:3,3
DA:10,3
DA:12,3
LF:4
LH:4
BRF:0
BRH:0
end_of_record
TN:
SF:models/User.js
FN:62,(anonymous_0)
FNF:1
FNH:1
FNDA:7,(anonymous_0)
DA:1,3
DA:2,3
DA:3,3
DA:4,3
DA:6,3
DA:60,3
DA:62,3
DA:63,7
DA:65,7
DA:66,1
DA:69,7
DA:70,7
DA:73,3
DA:75,3
LF:14
LH:14
BRDA:65,0,0,1
BRDA:65,0,1,6
BRF:2
BRH:2
end_of_record
TN:
SF:routers/event.js
FNF:0
FNH:0
DA:1,3
DA:2,3
DA:3,3
DA:4,3
DA:5,3
DA:8,3
DA:9,3
DA:10,3
DA:11,3
DA:12,3
DA:13,3
DA:14,3
DA:15,3
DA:16,3
LF:14
LH:14
BRF:0
BRH:0
end_of_record
TN:
SF:routers/index.js
FNF:0
FNH:0
DA:1,3
DA:2,3
DA:3,3
DA:4,3
DA:5,3
DA:6,3
DA:7,3
DA:8,3
DA:10,3
DA:11,3
DA:12,3
DA:13,3
DA:14,3
DA:15,3
LF:14
LH:14
BRF:0
BRH:0
end_of_record
TN:
SF:routers/rating.js
FNF:0
FNH:0
DA:1,3
DA:2,3
DA:3,3
DA:4,3
DA:6,3
DA:8,3
LF:6
LH:6
BRF:0
BRH:0
end_of_record
TN:
SF:routers/user.js
FNF:0
FNH:0
DA:1,3
DA:2,3
DA:3,3
DA:4,3
DA:7,3
DA:8,3
DA:9,3
DA:10,3
DA:11,3
DA:12,3
DA:13,3
DA:14,3
DA:15,3
LF:13
LH:13
BRF:0
BRH:0
end_of_record
